This is pdfTeX, Version 3.14159265-2.6-1.40.16 (MiKTeX 2.9) (preloaded format=pdflatex 2015.10.30)  3 MAY 2017 13:40
entering extended mode
**"C:/Users/garret/Box Sync/CEGA-Programs-BITSS/1_Events/3_Workshops-Seminars/I
NSP-Mexico/INSP2017/3-Repro-Code/pandocdemo2.tex"

("C:/Users/garret/Box Sync/CEGA-Programs-BITSS/1_Events/3_Workshops-Seminars/IN
SP-Mexico/INSP2017/3-Repro-Code/pandocdemo2.tex"
LaTeX2e <2015/10/01> patch level 1
Babel <3.9m> and hyphenation patterns for 69 languages loaded.

! LaTeX Error: Environment quote undefined.

See the LaTeX manual or LaTeX Companion for explanation.
Type  H <return>  for immediate help.
 ...                                              
                                                  
l.1 \begin{quote}
                 
? 
! Emergency stop.
 ...                                              
                                                  
l.1 \begin{quote}
                 
Your command was ignored.
Type  I <command> <return>  to replace it with another command,
or  <return>  to continue without it.

 
Here is how much of TeX's memory you used:
 9 strings out of 493636
 577 string characters out of 3145372
 52602 words of memory out of 3000000
 3492 multiletter control sequences out of 15000+200000
 3640 words of font info for 14 fonts, out of 3000000 for 9000
 1025 hyphenation exceptions out of 8191
 5i,0n,4p,148b,16s stack positions out of 5000i,500n,10000p,200000b,50000s
!  ==> Fatal error occurred, no output PDF file produced!
